
/*!!
* Gegenstand: Fahrzeug-Bussystem
* Anforderung: Der Wankstabilsator muss über CAN-Bus kommunizieren. 
* Gegenstand: Fehlerspeicher
* Anforderung: Der Wankstabilsator muss auftretende Fehlermeldungen in einem Fehlerspeicher archivieren und per Diagnose bereitstellen.
* Gegenstand: Signalverarbeitung
* Anforderung: Der Wankstabilisator muss Signale innerhalb von 2ms übertragen und verarbeiten können.
* Gegenstand: Abstand zu Nachbarsystemen
* Anforderung: Der Wankstabilisator muss einen minimalen Abstand von 16 mm zu benachbarten Bauteilen sicherstellen. 
* Gegenstand: Montage ins Fahrwerk
* Anforderung: Der Wankstabilisator muss über vier Anschraubpunkte mit dem Fahrwerk verbunden werden.
* Gegenstand: Lebensdauer
* Anforderung: Der Wankstabilisator muss wartungsfrei 14400 Betriebsstunden erreichen. 
* Gegenstand: Montage ins Fahrwerk
* Anforderung: Der Wankstabilisator muss über vier Anschraubpunkte mit dem Fahrwerk verbunden werden.
* Gegenstand: Geradeausfahrt
* Anforderung: Der Wankstabilisator muss ein auftretendes Kopierverhalten reduzieren. 
* Gegenstand: Kurvenfahrt
* Anforderung: Der Wankstabiliastor erzeugt ein Moment, welches der Wankbewegung des Fahrzeugs entgegen wirkt, um die Seitenneigung in der Kurve zu reduzieren und die Traktion zu verbessern. 
* Gegenstand: Geradeausfahrt
* Anforderung: Der Wankstabilisator muss ein auftretendes Kopierverhalten reduzieren. 
* Gegenstand: Kurvenfahrt
* Anforderung: Der Wankstabiliastor erzeugt ein Moment, welches der Wankbewegung des Fahrzeugs entgegen wirkt, um die Seitenneigung in der Kurve zu reduzieren und die Traktion zu verbessern. 
* Gegenstand: Stellgeschwindigkeit 
* Anforderung: Der Wankstabilisator muss eine maximale Stellgeschwindigkeit von 4500 Nm/s bereitstellen. 
* Gegenstand: Kurvenfahrt
* Anforderung: Der Wankstabiliastor erzeugt ein Moment, welches der Wankbewegung des Fahrzeugs entgegen wirkt, um die Seitenneigung in der Kurve zu reduzieren und die Traktion zu verbessern. 
* Gegenstand: Kurvenfahrt
* Anforderung: Der Wankstabiliastor erzeugt ein Moment, welches der Wankbewegung des Fahrzeugs entgegen wirkt, um die Seitenneigung in der Kurve zu reduzieren und die Traktion zu verbessern. 
* Gegenstand: Umwelteinflüsse
* Anforderung: Der Wankstabilisator muss der Schutzklasse IP67 entsprechen. 
* Gegenstand: Werkstoffauswahl und Bauteilauslegung
* Anforderung: Der Wankstabilisator muss aus geeigneten Werkstoffen bestehen und die Bauteilauslegungen müssen sinnvoll vorgenommen sein.
* Gegenstand: Verdrehwinkel 
* Anforderung: Der Wankstabilisator muss einen maximalen Verdrehwinkel von plus/minus 30 Grad realisieren können.
* Gegenstand: Geradeausfahrt
* Anforderung: Der Wankstabilisator muss ein auftretendes Kopierverhalten reduzieren. 
* Gegenstand: Abstützmomente
* Anforderung: Der Wankstabilisator muss ein maximales Abstützmoment von 1200 Nm erzeugen können. 
* Gegenstand: Steifigkeit
* Anforderung: Die dynamische Steifigkeit des Wankstabilisators muss bis zu einer Frequenz von 6 Hz unterhalb der Steifigkeit eines passiven Stabilisators liegen (40 N/mm).
* Gegenstand: Geradeausfahrt
* Anforderung: Der Wankstabilisator muss ein auftretendes Kopierverhalten reduzieren. 
*/!!
*/!!
* Beziehung 1: Einstellungen Vorgeben
* Beziehung 2: Fahrzeug-Bussystem
* Beziehung 1: Sportliches Fahren
* Beziehung 2: Abstützmomente
* Beziehung 1: Sportliches Fahren
* Beziehung 2: Wankbewegung des Fahrzeugs reduzieren 
* Beziehung 1: Programm schreiben
* Beziehung 2: Fahrzeug-Bussystem
* Beziehung 1: System kalibrieren
* Beziehung 2: Fahrzeug-Bussystem
* Beziehung 1: Komfortables Fahren
* Beziehung 2: Wankbewegung des Fahrzeugs reduzieren 
* Beziehung 1: Komfortables Fahren
* Beziehung 2: Abstützmomente
* Beziehung 1: Fahren im Sportmodus
* Beziehung 2: Bereitstellung verschiedener Fahrmodi
* Beziehung 1: Fahren im Komfortmodus
* Beziehung 2: Bereitstellung verschiedener Fahrmodi
* Beziehung 1: Störmeldungen beseitigen
* Beziehung 2: Fehlerspeicher
* Beziehung 1: Störmeldungen beseitigen
* Beziehung 2: Fahrzeug-Bussystem
* Beziehung 1: Fehler auslesen
* Beziehung 2: Fehlerspeicher
* Beziehung 1: Fehler auslesen
* Beziehung 2: Fahrzeug-Bussystem
* Beziehung 1: Auslesegerät anstecken
* Beziehung 2: Fehlerspeicher
* Beziehung 1: Auslesegerät anstecken
* Beziehung 2: Fahrzeug-Bussystem
* Beziehung 1: Sicheres Fahren
* Beziehung 2: Wankbewegung des Fahrzeugs reduzieren 
* Beziehung 1: Sicheres Fahren
* Beziehung 2: Abstützmomente
* Beziehung 1: Entkoppeln bei Geradeausfahrten
* Beziehung 2: Geradeausfahrt
* Beziehung 1: Fahrzeug-Bussystem
* Beziehung 2: Systemkommunikation
* Beziehung 1: Fehlerspeicher
* Beziehung 2: Systemkommunikation
* Beziehung 1: Stellmoment regeln
* Beziehung 2: Systemkommunikation
* Beziehung 1: Signalverarbeitung
* Beziehung 2: Systemkommunikation
* Beziehung 1: Fahrparameter abfragen
* Beziehung 2: Systemkommunikation
* Beziehung 1: Fahrparameter abfragen
* Beziehung 2: Systemkommunikation
* Beziehung 1: Rotorposition erfassen und bereitstellen
* Beziehung 2: Systemkommunikation
* Beziehung 1: Elektromechanischer_Wankstabilisator
* Beziehung 2: Verbauraum
* Beziehung 1: Abstand zu Nachbarsystemen
* Beziehung 2: Verbauraum
* Beziehung 1: Montage ins Fahrwerk
* Beziehung 2: Verbauraum
* Beziehung 1: Steuergerät
* Beziehung 2: Software-Updates
* Beziehung 1: Lebensdauer
* Beziehung 2: Werkstoffauswahl und Bauteilauslegung
* Beziehung 1: Elektromechanischer_Wankstabilisator
* Beziehung 2: Lebensdauer
* Beziehung 1: Verlinkungen
* Beziehung 2: Abstützmomente
* Beziehung 1: Stabilisatorlager
* Beziehung 2: Montage ins Fahrwerk
* Beziehung 1: Drehstabhälfte 1
* Beziehung 2: Montage ins Fahrwerk
* Beziehung 1: Drehstabhälfte 2
* Beziehung 2: Montage ins Fahrwerk
* Beziehung 1: Montage ins Fahrwerk
* Beziehung 2: Stellmoment
* Beziehung 1: Geradeausfahrt
* Beziehung 2: Situationserkennung
* Beziehung 1: Kurvenfahrt
* Beziehung 2: Situationserkennung
* Beziehung 1: Fahrzustand auswerten
* Beziehung 2: Situationserkennung
* Beziehung 1: Fahrparameter abfragen
* Beziehung 2: Situationserkennung
* Beziehung 1: Geradeausfahrt
* Beziehung 2: Stellgeschwindigkeit 
* Beziehung 1: Kurvenfahrt
* Beziehung 2: Stellgeschwindigkeit 
* Beziehung 1: Stellmoment regeln
* Beziehung 2: Stellgeschwindigkeit 
* Beziehung 1: Stellgeschwindigkeit 
* Beziehung 2: Stellmoment
* Beziehung 1: Fahrzustand auswerten
* Beziehung 2: Kurvenfahrt
* Beziehung 1: Kurvenfahrt
* Beziehung 2: Dauerhafte Überwachung
* Beziehung 1: Kurvenfahrt
* Beziehung 2: Abstützmomente
* Beziehung 1: Torsionsmoment stellen
* Beziehung 2: Kurvenfahrt
* Beziehung 1: Umwelteinflüsse
* Beziehung 2: Werkstoffauswahl und Bauteilauslegung
* Beziehung 1: Elektromechanischer_Wankstabilisator
* Beziehung 2: Werkstoffauswahl und Bauteilauslegung
* Beziehung 1: Werkstoffauswahl und Bauteilauslegung
* Beziehung 2: Produktionskosten
* Beziehung 1: Stellmoment regeln
* Beziehung 2: Bereitstellung verschiedener Fahrmodi
* Beziehung 1: Parameter für Sportmodus heranziehen
* Beziehung 2: Bereitstellung verschiedener Fahrmodi
* Beziehung 1: Parameter für Komformodus heranziehen
* Beziehung 2: Bereitstellung verschiedener Fahrmodi
* Beziehung 1: Kräfte an Fahrwerk übertragen 
* Beziehung 2: Verdrehwinkel 
* Beziehung 1: Verdrehwinkel 
* Beziehung 2: Stellmoment
* Beziehung 1: Elektromechanischer_Wankstabilisator
* Beziehung 2: Produktionskosten
* Beziehung 1: Sensorplatine
* Beziehung 2: Abstand zu Nachbarsystemen
* Beziehung 1: Drehstabhälfte 2
* Beziehung 2: Abstand zu Nachbarsystemen
* Beziehung 1: Drehstabhälfte 1
* Beziehung 2: Abstand zu Nachbarsystemen
* Beziehung 1: Stabilisatorlager
* Beziehung 2: Abstand zu Nachbarsystemen
* Beziehung 1: Steuergerät
* Beziehung 2: Abstand zu Nachbarsystemen
* Beziehung 1: Gehäuse
* Beziehung 2: Abstand zu Nachbarsystemen
* Beziehung 1: Dreistufiges Planetengetriebe
* Beziehung 2: Abstand zu Nachbarsystemen
* Beziehung 1: BLDC Motor
* Beziehung 2: Abstand zu Nachbarsystemen
* Beziehung 1: Kabelbaum
* Beziehung 2: Abstand zu Nachbarsystemen
* Beziehung 1: Geradeausfahrt
* Beziehung 2: Dauerhafte Überwachung
* Beziehung 1: Fahrzustand auswerten
* Beziehung 2: Dauerhafte Überwachung
* Beziehung 1: Abstützmomente
* Beziehung 2: Stellmoment
* Beziehung 1: Stellmoment regeln
* Beziehung 2: Stellmoment
* Beziehung 1: Steifigkeit
* Beziehung 2: Stellmoment
* Beziehung 1: Torsionsmoment stellen
* Beziehung 2: Stellmoment
* Beziehung 1: Geradeausfahrt
* Beziehung 2: Abstützmomente
* Beziehung 1: Momentenübertragung entkoppeln 
* Beziehung 2: Geradeausfahrt
* Beziehung 1: Torsionsmoment stellen
* Beziehung 2: Abstützmomente
* Beziehung 1: Steuergerät
* Beziehung 2: Fehlerspeicher
* Beziehung 1: Steuergerät
* Beziehung 2: Steifigkeit
* Beziehung 1: Drehstabhälfte 1
* Beziehung 2: Steifigkeit
* Beziehung 1: Drehstabhälfte 2
* Beziehung 2: Steifigkeit
* Beziehung 1: Steuergerät
* Beziehung 2: Fahrzeug-Bussystem
* Beziehung 1: Steuergerät
* Beziehung 2: Umwelteinflüsse
* Beziehung 1: Elektromechanischer_Wankstabilisator
* Beziehung 2: Umwelteinflüsse
* Beziehung 1: Kabelbaum
* Beziehung 2: Umwelteinflüsse
* Beziehung 1: Wankstabilisierung verwenden
* Beziehung 2: Wankbewegung des Fahrzeugs reduzieren 
* Beziehung 1: Steuergerät
* Beziehung 2: Signalverarbeitung
* Beziehung 1: Aktives Eingreifen erforderlich
* Beziehung 2: Fahrparameter abfragen
* Beziehung 1: Aktives Eingreifen erforderlich
* Beziehung 2: Momentenübertragung entkoppeln 
* Beziehung 1: Fahrzustand auswerten
* Beziehung 2: Aktives Eingreifen erforderlich
* Beziehung 1: Fahrbefehl erteilen
* Beziehung 2: Erfassen der Fahrereingabe 
* Beziehung 1: Fahrbahn Geometrie verändert sich relativ zum bewegenden Fahrzeug
* Beziehung 2: Aktuellen Fahrzustand erfassen 
* Beziehung 1: Vom Fahrzeug ausgehende Kräfte abstützen
* Beziehung 2: Fahrbahn Geometrie verändert sich relativ zum bewegenden Fahrzeug
* Beziehung 1: ActivityInitial
* Beziehung 2: Elektrische Energie generieren
* Beziehung 1: Fahrmodus wählen
* Beziehung 2: Parameter für Komformodus heranziehen
* Beziehung 1: ActivityInitial
* Beziehung 2: ['None']
* Beziehung 1: Stellmoment regeln
* Beziehung 2: Torsionsmoment stellen
* Beziehung 1: Drehzahl in Drehmoment übersetzen
* Beziehung 2: Torsionsmoment stellen
* Beziehung 1: Torsionsmoment stellen
* Beziehung 2: Rotorposition erfassen und bereitstellen
* Beziehung 1: Drehmoment übertragen
* Beziehung 2: Torsionsmoment stellen
* Beziehung 1: Spannung anlegen
* Beziehung 2: Torsionsmoment stellen
* Beziehung 1: Drehmoment aufbauen
* Beziehung 2: Torsionsmoment stellen
* Beziehung 1: Drehmoment erhalten
* Beziehung 2: Kräfte an Fahrwerk übertragen 
* Beziehung 1: ['None']
* Beziehung 2: Fahrbefehl erteilen
* Beziehung 1: ['None']
* Beziehung 2: Fahrmodus wählen
* Beziehung 1: Kräfte abstützen
* Beziehung 2: Kräfte an Fahrwerk übertragen 
* Beziehung 1: Fahrbefehl erteilen
* Beziehung 2: Vom Fahrzeug ausgehende Kräfte abstützen
* Beziehung 1: Fahrmodus wählen
* Beziehung 2: Parameter für Sportmodus heranziehen
* Beziehung 1: Fahrzustand erleben
* Beziehung 2: ActivityFinal
* Beziehung 1: Drehmoment umwandeln 
* Beziehung 2: Kräfte an Fahrwerk übertragen 
* Beziehung 1: Drehmoment erhalten
* Beziehung 2: Kräfte an Fahrwerk übertragen 
* Beziehung 1: Drehmoment übertragen
* Beziehung 2: Kräfte an Fahrwerk übertragen 
* Beziehung 1: Vom Fahrzeug ausgehende Kräfte abstützen
* Beziehung 2: Fahrzustand erleben
*/!!

*/ Ende der Ausgabe